<?xml version="1.0" encoding="UTF-8"?>
<testsuite name="Matrix" tests="4" skipped="0" failures="0" errors="0" timestamp="2023-12-17T10:52:15" hostname="Acer-Nitro-AN515-44" time="0.244">
  <properties/>
  <testcase name="Determinant" classname="Matrix" time="0.226"/>
  <testcase name="Transpose" classname="Matrix" time="0.007"/>
  <testcase name="Cofactor" classname="Matrix" time="0.006"/>
  <testcase name="Inverse" classname="Matrix" time="0.005"/>
  <system-out><![CDATA[]]></system-out>
  <system-err><![CDATA[]]></system-err>
</testsuite>
